<?xml version="1.0" encoding="UTF-8"?>
<!-- Generated by org.testng.reporters.JUnitReportReporter -->
<testsuite hostname="GLB5737" name="martin_villarruel_automation_pages_tests.Tests" tests="2" failures="0" timestamp="2 Mar 2015 13:06:24 GMT" time="18.895" errors="0">
  <testcase name="validatePageTittle" time="6.589" classname="martin_villarruel_automation_pages_tests.Tests"/>
  <testcase name="howManyCalendarPostByDate" time="12.306" classname="martin_villarruel_automation_pages_tests.Tests"/>
</testsuite> <!-- martin_villarruel_automation_pages_tests.Tests -->
