<?xml version="1.0" encoding="UTF-8"?>
<!-- Generated by org.testng.reporters.JUnitReportReporter -->
<testsuite hostname="GLB5737" name="martin_villarruel_automation_pages_tests.Tests" tests="1" failures="0" timestamp="27 Feb 2015 17:45:54 GMT" time="11.533" errors="0">
  <testcase name="contactUsFormIncomplete" time="11.533" classname="martin_villarruel_automation_pages_tests.Tests"/>
</testsuite> <!-- martin_villarruel_automation_pages_tests.Tests -->
