<?xml version="1.0" encoding="UTF-8"?>
<!-- Generated by org.testng.reporters.JUnitReportReporter -->
<testsuite hostname="GLB5737" name="martin_villarruel_mod0_ej2_tests.Tests" tests="10" failures="0" timestamp="6 Mar 2015 14:47:35 GMT" time="904.061" errors="0">
  <testcase name="negativeSearchResults2" time="57.435" classname="martin_villarruel_mod0_ej2_tests.Tests"/>
  <testcase name="verifyWrongPass" time="37.680" classname="martin_villarruel_mod0_ej2_tests.Tests"/>
  <testcase name="searchForFlyAndHotel" time="133.759" classname="martin_villarruel_mod0_ej2_tests.Tests"/>
  <testcase name="positiveSearchResults" time="63.480" classname="martin_villarruel_mod0_ej2_tests.Tests"/>
  <testcase name="logOut" time="60.251" classname="martin_villarruel_mod0_ej2_tests.Tests"/>
  <testcase name="singIn" time="55.805" classname="martin_villarruel_mod0_ej2_tests.Tests"/>
  <testcase name="searchForFly" time="176.359" classname="martin_villarruel_mod0_ej2_tests.Tests"/>
  <testcase name="verifyWrongMail" time="36.567" classname="martin_villarruel_mod0_ej2_tests.Tests"/>
  <testcase name="logedInFlightSearch" time="218.734" classname="martin_villarruel_mod0_ej2_tests.Tests"/>
  <testcase name="negativeSearchResults1" time="63.991" classname="martin_villarruel_mod0_ej2_tests.Tests"/>
</testsuite> <!-- martin_villarruel_mod0_ej2_tests.Tests -->
