<?xml version="1.0" encoding="UTF-8"?>
<!-- Generated by org.testng.reporters.JUnitReportReporter -->
<testsuite hostname="GLB5737" name="martin_villarruel_mod0_ej2_tests.Tests" tests="1" failures="0" timestamp="4 Mar 2015 17:14:14 GMT" time="204.589" errors="0">
  <testcase name="searchForFly" time="204.589" classname="martin_villarruel_mod0_ej2_tests.Tests"/>
</testsuite> <!-- martin_villarruel_mod0_ej2_tests.Tests -->
