<?xml version="1.0" encoding="UTF-8"?>
<!-- Generated by org.testng.reporters.JUnitReportReporter -->
<testsuite hostname="GLB5737" name="martin_villarruel_mod0_ej2_tests.Tests" tests="1" failures="0" timestamp="3 Mar 2015 15:13:10 GMT" time="29.144" errors="0">
  <testcase name="searchForFly" time="29.144" classname="martin_villarruel_mod0_ej2_tests.Tests"/>
</testsuite> <!-- martin_villarruel_mod0_ej2_tests.Tests -->
