<?xml version="1.0" encoding="UTF-8"?>
<!-- Generated by org.testng.reporters.JUnitReportReporter -->
<testsuite hostname="GLB5737" name="martin_villarruel_mod0_ej2_tests.Tests" tests="4" failures="0" timestamp="2 Mar 2015 20:32:22 GMT" time="190.852" errors="0">
  <testcase name="singIn" time="59.765" classname="martin_villarruel_mod0_ej2_tests.Tests"/>
  <testcase name="verifyWrongPass" time="33.875" classname="martin_villarruel_mod0_ej2_tests.Tests"/>
  <testcase name="logOut" time="61.861" classname="martin_villarruel_mod0_ej2_tests.Tests"/>
  <testcase name="verifyWrongMail" time="35.351" classname="martin_villarruel_mod0_ej2_tests.Tests"/>
</testsuite> <!-- martin_villarruel_mod0_ej2_tests.Tests -->
